<?xml version="1.0" encoding="UTF-8" standalone="yes"?>
<config xmlns:xsi="http://www.w3.org/2001/XMLSchema-instance"
	xsi:schemaLocation="http://evo.atteo.com/1.0 config.xsd">
	<atomikos/>
	<transactional/>
	<h2/>
	<hibernate>
		<initSchema>create</initSchema>
	</hibernate>
	<migrations/>
	<shiro>
		<realms>
			<simple>
				<accounts>
					<account>
						<username>admin</username>
						<password>admin</password>
						<roles>
							<role>admin</role>
						</roles>
						<administrator>true</administrator>
					</account>
				</accounts>
			</simple>
			<database/>
		</realms>
	</shiro>
</config>

