<?xml version="1.0" encoding="UTF-8" standalone="yes"?>
<config xmlns:xsi="http://www.w3.org/2001/XMLSchema-instance"
	xsi:schemaLocation="http://evo.atteo.com/1.0 config.xsd">
	<jetty>
		<connectors>
			<serverconnector>
				<provideConnectionDetails>true</provideConnectionDetails>
			</serverconnector>
		</connectors>
		<contextCollection>
			<context>
				<contextPath>/hello</contextPath>
				<hello/>
			</context>
		</contextCollection>
	</jetty>
	<webdriver/>
	<webdriver-helper/>
</config>
