<?xml version="1.0" encoding="UTF-8"?>

<databaseChangeLog xmlns="http://www.liquibase.org/xml/ns/dbchangelog"
	xmlns:xsi="http://www.w3.org/2001/XMLSchema-instance"
	xsi:schemaLocation="http://www.liquibase.org/xml/ns/dbchangelog http://www.liquibase.org/xml/ns/dbchangelog/dbchangelog-2.0.xsd">
	<changeSet id="Create user" author="tomahawk">
		<insert tableName="users">
			<column name="id" valueNumeric="2" />
			<column name="name" value="Joey Tribbiani" />
		</insert>
        <rollback>
            <delete tableName="users"></delete>
        </rollback>
	</changeSet>
</databaseChangeLog>
