<?xml version="1.0" encoding="UTF-8" standalone="yes"?>
<config xmlns:xsi="http://www.w3.org/2001/XMLSchema-instance">
    <activiti>
        <bpmn-parse-handlers>
            <handler>
                <className>no.handler.exist.HandlerImpl</className>
                <className>org.atteo.moonshine.activiti.BpmnParseHandlerTest</className>
            </handler>
        </bpmn-parse-handlers>
    </activiti>
    <transactional/>
    <atomikos>
        <transactionTimeout>5</transactionTimeout>
    </atomikos>
    <h2/>
</config>
