<?xml version="1.0" encoding="UTF-8" standalone="yes"?>
<config xmlns:xsi="http://www.w3.org/2001/XMLSchema-instance"
	xsi:schemaLocation="http://evo.atteo.com/1.0 config.xsd">
	<jta/>
	<atomikos/>
	<databases>
		<h2/>
	</databases>
	<hibernate>
		<overwriteSchema>true</overwriteSchema>
	</hibernate>
</config>
